<?xml version="1.0" encoding="UTF-8"?>
<!-- Generated by org.testng.reporters.JUnitReportReporter -->
<testsuite hostname="Saurabhchoudhari" failures="0" tests="1" name="Cucumber.TestngTestRunner" time="19.845" errors="0" timestamp="2024-01-16T10:43:54 IST" skipped="0">
  <testcase classname="Cucumber.TestngTestRunner" name="runScenario" time="19.845"/>
  <system-out/>
</testsuite> <!-- Cucumber.TestngTestRunner -->
