<?xml version="1.0" encoding="UTF-8"?>
<!-- Generated by org.testng.reporters.JUnitReportReporter -->
<testsuite hostname="Saurabhchoudhari" failures="0" tests="3" name="SaurabhSeleniumPackage.Tests.Submitform" time="44.588" errors="0" timestamp="2024-01-10T15:19:42 IST" skipped="0">
  <testcase classname="SaurabhSeleniumPackage.Tests.Submitform" name="SubmitsForm" time="17.518"/>
  <system-out/>
  <testcase classname="SaurabhSeleniumPackage.Tests.Submitform" name="orderHistory" time="10.051"/>
  <system-out/>
  <testcase classname="SaurabhSeleniumPackage.Tests.Submitform" name="SubmitsForm" time="17.019"/>
  <system-out/>
</testsuite> <!-- SaurabhSeleniumPackage.Tests.Submitform -->
