<?xml version="1.0" encoding="UTF-8"?>
<!-- Generated by org.testng.reporters.JUnitReportReporter -->
<testsuite hostname="Saurabhchoudhari" failures="0" tests="1" name="Cucumber.TestngTestRunner" time="21.607" errors="0" timestamp="2024-01-16T10:53:11 IST" skipped="0">
  <testcase classname="Cucumber.TestngTestRunner" name="runScenario" time="21.607"/>
</testsuite> <!-- Cucumber.TestngTestRunner -->
