<?xml version="1.0" encoding="UTF-8"?>
<!-- Generated by org.testng.reporters.JUnitReportReporter -->
<testsuite hostname="Saurabhchoudhari" failures="0" tests="3" name="SaurabhSeleniumPackage.Tests.Submitform" time="44.232" errors="0" timestamp="2024-01-18T06:26:04 IST" skipped="0">
  <testcase classname="SaurabhSeleniumPackage.Tests.Submitform" name="SubmitsForm" time="20.046"/>
  <testcase classname="SaurabhSeleniumPackage.Tests.Submitform" name="orderHistory" time="8.890"/>
  <testcase classname="SaurabhSeleniumPackage.Tests.Submitform" name="SubmitsForm" time="15.296"/>
</testsuite> <!-- SaurabhSeleniumPackage.Tests.Submitform -->
